<?xml version="1.0" encoding="UTF-8"?>
<!-- Generated by org.testng.reporters.JUnitReportReporter -->
<testsuite skipped="2" hostname="DESKTOP-CCPG5IB" name="theboss.TFP" tests="2" failures="0" timestamp="2022-03-22T12:21:08 IST" time="0.000" errors="0">
  <testcase name="login" time="0.000" classname="theboss.TFP">
    <skipped/>
  </testcase> <!-- login -->
  <system-out/>
  <testcase name="logout" time="0.000" classname="theboss.TFP">
    <skipped/>
  </testcase> <!-- logout -->
  <system-out/>
</testsuite> <!-- theboss.TFP -->
