<?xml version="1.0" encoding="UTF-8"?>
<!-- Generated by org.testng.reporters.JUnitReportReporter -->
<testsuite skipped="0" hostname="DESKTOP-CCPG5IB" name="theboss.SudhakarPipes" tests="2" failures="0" timestamp="2022-03-22T12:30:09 IST" time="129.566" errors="0">
  <testcase name="login" time="121.762" classname="theboss.SudhakarPipes"/>
  <system-out/>
  <testcase name="logout" time="7.804" classname="theboss.SudhakarPipes"/>
  <system-out/>
</testsuite> <!-- theboss.SudhakarPipes -->
